Determining if the pthread_create exist failed with the following output:
Change Dir: /home/davidhan/catkin_ws/src/davidhan_mono_slam/cmake-build-debug/CMakeFiles/CMakeTmp

Run Build Command(s):/usr/bin/make cmTC_af9e5/fast 
/usr/bin/make -f CMakeFiles/cmTC_af9e5.dir/build.make CMakeFiles/cmTC_af9e5.dir/build
make[1]: Entering directory '/home/davidhan/catkin_ws/src/davidhan_mono_slam/cmake-build-debug/CMakeFiles/CMakeTmp'
Building C object CMakeFiles/cmTC_af9e5.dir/CheckSymbolExists.c.o
/usr/bin/cc    -o CMakeFiles/cmTC_af9e5.dir/CheckSymbolExists.c.o   -c /home/davidhan/catkin_ws/src/davidhan_mono_slam/cmake-build-debug/CMakeFiles/CMakeTmp/CheckSymbolExists.c
Linking C executable cmTC_af9e5
/home/davidhan/Downloads/clion-2019.1.3/bin/cmake/linux/bin/cmake -E cmake_link_script CMakeFiles/cmTC_af9e5.dir/link.txt --verbose=1
/usr/bin/cc      -rdynamic CMakeFiles/cmTC_af9e5.dir/CheckSymbolExists.c.o  -o cmTC_af9e5 
CMakeFiles/cmTC_af9e5.dir/CheckSymbolExists.c.o：在函数‘main’中：
CheckSymbolExists.c:(.text+0x16)：对‘pthread_create’未定义的引用
collect2: error: ld returned 1 exit status
CMakeFiles/cmTC_af9e5.dir/build.make:86: recipe for target 'cmTC_af9e5' failed
make[1]: *** [cmTC_af9e5] Error 1
make[1]: Leaving directory '/home/davidhan/catkin_ws/src/davidhan_mono_slam/cmake-build-debug/CMakeFiles/CMakeTmp'
Makefile:121: recipe for target 'cmTC_af9e5/fast' failed
make: *** [cmTC_af9e5/fast] Error 2

File /home/davidhan/catkin_ws/src/davidhan_mono_slam/cmake-build-debug/CMakeFiles/CMakeTmp/CheckSymbolExists.c:
/* */
#include <pthread.h>

int main(int argc, char** argv)
{
  (void)argv;
#ifndef pthread_create
  return ((int*)(&pthread_create))[argc];
#else
  (void)argc;
  return 0;
#endif
}

Determining if the function pthread_create exists in the pthreads failed with the following output:
Change Dir: /home/davidhan/catkin_ws/src/davidhan_mono_slam/cmake-build-debug/CMakeFiles/CMakeTmp

Run Build Command(s):/usr/bin/make cmTC_d6fdf/fast 
/usr/bin/make -f CMakeFiles/cmTC_d6fdf.dir/build.make CMakeFiles/cmTC_d6fdf.dir/build
make[1]: Entering directory '/home/davidhan/catkin_ws/src/davidhan_mono_slam/cmake-build-debug/CMakeFiles/CMakeTmp'
Building C object CMakeFiles/cmTC_d6fdf.dir/CheckFunctionExists.c.o
/usr/bin/cc   -DCHECK_FUNCTION_EXISTS=pthread_create   -o CMakeFiles/cmTC_d6fdf.dir/CheckFunctionExists.c.o   -c /home/davidhan/Downloads/clion-2019.1.3/bin/cmake/linux/share/cmake-3.14/Modules/CheckFunctionExists.c
Linking C executable cmTC_d6fdf
/home/davidhan/Downloads/clion-2019.1.3/bin/cmake/linux/bin/cmake -E cmake_link_script CMakeFiles/cmTC_d6fdf.dir/link.txt --verbose=1
/usr/bin/cc  -DCHECK_FUNCTION_EXISTS=pthread_create    -rdynamic CMakeFiles/cmTC_d6fdf.dir/CheckFunctionExists.c.o  -o cmTC_d6fdf -lpthreads 
/usr/bin/ld: 找不到 -lpthreads
collect2: error: ld returned 1 exit status
CMakeFiles/cmTC_d6fdf.dir/build.make:86: recipe for target 'cmTC_d6fdf' failed
make[1]: *** [cmTC_d6fdf] Error 1
make[1]: Leaving directory '/home/davidhan/catkin_ws/src/davidhan_mono_slam/cmake-build-debug/CMakeFiles/CMakeTmp'
Makefile:121: recipe for target 'cmTC_d6fdf/fast' failed
make: *** [cmTC_d6fdf/fast] Error 2


