Determining if the pthread_create exist failed with the following output:
Change Dir: /home/davidhan/catkin_ws/src/davidhan_mono_slam/build/CMakeFiles/CMakeTmp

Run Build Command:"/usr/bin/make" "cmTC_aa21f/fast"
/usr/bin/make -f CMakeFiles/cmTC_aa21f.dir/build.make CMakeFiles/cmTC_aa21f.dir/build
make[1]: Entering directory '/home/davidhan/catkin_ws/src/davidhan_mono_slam/build/CMakeFiles/CMakeTmp'
Building C object CMakeFiles/cmTC_aa21f.dir/CheckSymbolExists.c.o
/usr/bin/cc     -o CMakeFiles/cmTC_aa21f.dir/CheckSymbolExists.c.o   -c /home/davidhan/catkin_ws/src/davidhan_mono_slam/build/CMakeFiles/CMakeTmp/CheckSymbolExists.c
Linking C executable cmTC_aa21f
/usr/bin/cmake -E cmake_link_script CMakeFiles/cmTC_aa21f.dir/link.txt --verbose=1
/usr/bin/cc       CMakeFiles/cmTC_aa21f.dir/CheckSymbolExists.c.o  -o cmTC_aa21f -rdynamic 
CMakeFiles/cmTC_aa21f.dir/CheckSymbolExists.c.o：在函数‘main’中：
CheckSymbolExists.c:(.text+0x16)：对‘pthread_create’未定义的引用
collect2: error: ld returned 1 exit status
CMakeFiles/cmTC_aa21f.dir/build.make:97: recipe for target 'cmTC_aa21f' failed
make[1]: *** [cmTC_aa21f] Error 1
make[1]: Leaving directory '/home/davidhan/catkin_ws/src/davidhan_mono_slam/build/CMakeFiles/CMakeTmp'
Makefile:126: recipe for target 'cmTC_aa21f/fast' failed
make: *** [cmTC_aa21f/fast] Error 2

File /home/davidhan/catkin_ws/src/davidhan_mono_slam/build/CMakeFiles/CMakeTmp/CheckSymbolExists.c:
/* */
#include <pthread.h>

int main(int argc, char** argv)
{
  (void)argv;
#ifndef pthread_create
  return ((int*)(&pthread_create))[argc];
#else
  (void)argc;
  return 0;
#endif
}

Determining if the function pthread_create exists in the pthreads failed with the following output:
Change Dir: /home/davidhan/catkin_ws/src/davidhan_mono_slam/build/CMakeFiles/CMakeTmp

Run Build Command:"/usr/bin/make" "cmTC_1abaa/fast"
/usr/bin/make -f CMakeFiles/cmTC_1abaa.dir/build.make CMakeFiles/cmTC_1abaa.dir/build
make[1]: Entering directory '/home/davidhan/catkin_ws/src/davidhan_mono_slam/build/CMakeFiles/CMakeTmp'
Building C object CMakeFiles/cmTC_1abaa.dir/CheckFunctionExists.c.o
/usr/bin/cc    -DCHECK_FUNCTION_EXISTS=pthread_create   -o CMakeFiles/cmTC_1abaa.dir/CheckFunctionExists.c.o   -c /usr/share/cmake-3.5/Modules/CheckFunctionExists.c
Linking C executable cmTC_1abaa
/usr/bin/cmake -E cmake_link_script CMakeFiles/cmTC_1abaa.dir/link.txt --verbose=1
/usr/bin/cc   -DCHECK_FUNCTION_EXISTS=pthread_create    CMakeFiles/cmTC_1abaa.dir/CheckFunctionExists.c.o  -o cmTC_1abaa -rdynamic -lpthreads 
/usr/bin/ld: 找不到 -lpthreads
collect2: error: ld returned 1 exit status
CMakeFiles/cmTC_1abaa.dir/build.make:97: recipe for target 'cmTC_1abaa' failed
make[1]: *** [cmTC_1abaa] Error 1
make[1]: Leaving directory '/home/davidhan/catkin_ws/src/davidhan_mono_slam/build/CMakeFiles/CMakeTmp'
Makefile:126: recipe for target 'cmTC_1abaa/fast' failed
make: *** [cmTC_1abaa/fast] Error 2


